<?xml version='1.0' encoding='UTF-8'?>
<testsuite hostname="blackeye" name="AESpec" tests="9" errors="0" failures="0" time="0.023">
                     <properties>
[...]
</properties>
                     <testcase classname="AESpec" name="`eval` should evaluate arithmetic expressions correctly" time="0.017">
                                                 
                                               </testcase><testcase classname="AESpec" name="`parseNum` should parse a series of digits" time="0.001">
                                                 
                                               </testcase><testcase classname="AESpec" name="`parseAdd` should parse sums" time="0.001">
                                                 
                                               </testcase><testcase classname="AESpec" name="`parseMul` should parse products" time="0.001">
                                                 
                                               </testcase><testcase classname="AESpec" name="`parse` should parse e1 and e2" time="0.001">
                                                 
                                               </testcase><testcase classname="AESpec" name="`parse2` should parse e1 and e2" time="0.0">
                                                 
                                               </testcase><testcase classname="AESpec" name="`parse2` should parse e3 and e4" time="0.0">
                                                 
                                               </testcase><testcase classname="AESpec" name="`parseAdd2` should parse sums" time="0.001">
                                                 
                                               </testcase><testcase classname="AESpec" name="`parseMul2` should parse products" time="0.001">
                                                 
                                               </testcase>
                     <system-out></system-out>
                     <system-err></system-err>
                   </testsuite>