<?xml version='1.0' encoding='UTF-8'?>
<testsuite hostname="blackeye" name="CombinatorsSpec" tests="7" errors="0" failures="0" time="0.104">
                     <properties>
[...]
</properties>
                     <testcase classname="CombinatorsSpec" name="The `choice` combinator should work for `parseExp3`" time="0.036">
                                                 
                                               </testcase><testcase classname="CombinatorsSpec" name="The `sequence` combinator should work for `parseMul3`" time="0.009">
                                                 
                                               </testcase><testcase classname="CombinatorsSpec" name="The `postprocess` combinator should work for `parseMul4`" time="0.006">
                                                 
                                               </testcase><testcase classname="CombinatorsSpec" name="One should be able to implement the AE parser with combinators" time="0.002">
                                                 
                                               </testcase><testcase classname="CombinatorsSpec" name="The `zeroOrMore` combinator should build parsers of lists" time="0.009">
                                                 
                                               </testcase><testcase classname="CombinatorsSpec" name="The `oneOrMore` combinator should build parsers of nonempty lists" time="0.002">
                                                 
                                               </testcase><testcase classname="CombinatorsSpec" name="`parse3` should parse expressions with spaces between words" time="0.04">
                                                 
                                               </testcase>
                     <system-out></system-out>
                     <system-err></system-err>
                   </testsuite>